Start testing: Jun 13 20:59 RTZ 2 (çèìà)
----------------------------------------------------------
1/1 Testing: aip_tests
1/1 Test: aip_tests
Command: "C:/Users/admin/aip_project/build/Desktop_Qt_6_9_0_MinGW_64_bit-Release/aip_tests.exe"
Directory: C:/Users/admin/aip_project/build/Desktop_Qt_6_9_0_MinGW_64_bit-Release
"aip_tests" start time: Jun 13 20:59 RTZ 2 (çèìà)
Output:
----------------------------------------------------------
[doctest] doctest version is "2.4.12"
[doctest] run with "--help" for options
===============================================================================
[doctest] test cases:  3 |  3 passed | 0 failed | 0 skipped
[doctest] assertions: 10 | 10 passed | 0 failed |
[doctest] Status: SUCCESS!
<end of output>
Test time =   0.23 sec
----------------------------------------------------------
Test Passed.
"aip_tests" end time: Jun 13 20:59 RTZ 2 (çèìà)
"aip_tests" time elapsed: 00:00:00
----------------------------------------------------------

End testing: Jun 13 20:59 RTZ 2 (çèìà)
